<?xml version="1.0" encoding="UTF-8"?>
<coverage generated="1764879672228" clover="3.2.0">
  <project timestamp="1764879672229" name="All files">
    <metrics statements="37" coveredstatements="37" conditionals="55" coveredconditionals="55" methods="9" coveredmethods="9" elements="101" coveredelements="101" complexity="0" loc="37" ncloc="37" packages="1" files="3" classes="3"/>
    <file name="alumno.js" path="C:\Users\Usuario\Desktop\TIMBATUMBAOINFRA\App\frontend\src\alumno.js">
      <metrics statements="13" coveredstatements="13" conditionals="21" coveredconditionals="21" methods="3" coveredmethods="3"/>
      <line num="13" count="8" type="cond" truecount="5" falsecount="0"/>
      <line num="14" count="3" type="stmt"/>
      <line num="17" count="5" type="cond" truecount="4" falsecount="0"/>
      <line num="18" count="2" type="stmt"/>
      <line num="21" count="3" type="cond" truecount="4" falsecount="0"/>
      <line num="22" count="2" type="stmt"/>
      <line num="25" count="1" type="stmt"/>
      <line num="36" count="7" type="cond" truecount="2" falsecount="0"/>
      <line num="37" count="2" type="stmt"/>
      <line num="40" count="5" type="cond" truecount="4" falsecount="0"/>
      <line num="41" count="3" type="stmt"/>
      <line num="44" count="4" type="cond" truecount="2" falsecount="0"/>
      <line num="47" count="1" type="stmt"/>
    </file>
    <file name="clases.js" path="C:\Users\Usuario\Desktop\TIMBATUMBAOINFRA\App\frontend\src\clases.js">
      <metrics statements="7" coveredstatements="7" conditionals="13" coveredconditionals="13" methods="2" coveredmethods="2"/>
      <line num="11" count="5" type="cond" truecount="2" falsecount="0"/>
      <line num="17" count="2" type="stmt"/>
      <line num="20" count="3" type="stmt"/>
      <line num="35" count="3" type="cond" truecount="2" falsecount="0"/>
      <line num="42" count="2" type="stmt"/>
      <line num="45" count="1" type="stmt"/>
      <line num="51" count="1" type="stmt"/>
    </file>
    <file name="solicitudes.js" path="C:\Users\Usuario\Desktop\TIMBATUMBAOINFRA\App\frontend\src\solicitudes.js">
      <metrics statements="17" coveredstatements="17" conditionals="21" coveredconditionals="21" methods="4" coveredmethods="4"/>
      <line num="12" count="4" type="cond" truecount="4" falsecount="0"/>
      <line num="13" count="1" type="stmt"/>
      <line num="16" count="3" type="cond" truecount="4" falsecount="0"/>
      <line num="17" count="1" type="stmt"/>
      <line num="20" count="2" type="cond" truecount="4" falsecount="0"/>
      <line num="21" count="1" type="stmt"/>
      <line num="24" count="1" type="stmt"/>
      <line num="40" count="3" type="cond" truecount="3" falsecount="0"/>
      <line num="42" count="1" type="stmt"/>
      <line num="44" count="1" type="stmt"/>
      <line num="46" count="1" type="stmt"/>
      <line num="58" count="3" type="cond" truecount="2" falsecount="0"/>
      <line num="59" count="1" type="stmt"/>
      <line num="62" count="2" type="cond" truecount="4" falsecount="0"/>
      <line num="63" count="1" type="stmt"/>
      <line num="66" count="3" type="stmt"/>
      <line num="69" count="1" type="stmt"/>
    </file>
  </project>
</coverage>
