{"C:\\Users\\Usuario\\Desktop\\TIMBATUMBAOINFRA\\App\\frontend\\src\\alumno.js": {"path":"C:\\Users\\Usuario\\Desktop\\TIMBATUMBAOINFRA\\App\\frontend\\src\\alumno.js","statementMap":{"0":{"start":{"line":13,"column":4},"end":{"line":15,"column":5}},"1":{"start":{"line":14,"column":8},"end":{"line":14,"column":56}},"2":{"start":{"line":17,"column":4},"end":{"line":19,"column":5}},"3":{"start":{"line":18,"column":8},"end":{"line":18,"column":61}},"4":{"start":{"line":21,"column":4},"end":{"line":23,"column":5}},"5":{"start":{"line":22,"column":8},"end":{"line":22,"column":59}},"6":{"start":{"line":25,"column":4},"end":{"line":25,"column":37}},"7":{"start":{"line":36,"column":4},"end":{"line":38,"column":5}},"8":{"start":{"line":37,"column":8},"end":{"line":37,"column":60}},"9":{"start":{"line":40,"column":4},"end":{"line":42,"column":5}},"10":{"start":{"line":41,"column":8},"end":{"line":41,"column":59}},"11":{"start":{"line":44,"column":4},"end":{"line":44,"column":63}},"12":{"start":{"line":44,"column":34},"end":{"line":44,"column":53}},"13":{"start":{"line":47,"column":0},"end":{"line":50,"column":2}}},"fnMap":{"0":{"name":"registrarAlumno","decl":{"start":{"line":12,"column":9},"end":{"line":12,"column":24}},"loc":{"start":{"line":12,"column":47},"end":{"line":26,"column":1}},"line":12},"1":{"name":"buscarAlumno","decl":{"start":{"line":35,"column":9},"end":{"line":35,"column":21}},"loc":{"start":{"line":35,"column":44},"end":{"line":45,"column":1}},"line":35},"2":{"name":"(anonymous_2)","decl":{"start":{"line":44,"column":29},"end":{"line":44,"column":30}},"loc":{"start":{"line":44,"column":34},"end":{"line":44,"column":53}},"line":44}},"branchMap":{"0":{"loc":{"start":{"line":13,"column":4},"end":{"line":15,"column":5}},"type":"if","locations":[{"start":{"line":13,"column":4},"end":{"line":15,"column":5}},{"start":{},"end":{}}],"line":13},"1":{"loc":{"start":{"line":13,"column":8},"end":{"line":13,"column":49}},"type":"binary-expr","locations":[{"start":{"line":13,"column":8},"end":{"line":13,"column":15}},{"start":{"line":13,"column":19},"end":{"line":13,"column":33}},{"start":{"line":13,"column":37},"end":{"line":13,"column":49}}],"line":13},"2":{"loc":{"start":{"line":17,"column":4},"end":{"line":19,"column":5}},"type":"if","locations":[{"start":{"line":17,"column":4},"end":{"line":19,"column":5}},{"start":{},"end":{}}],"line":17},"3":{"loc":{"start":{"line":17,"column":8},"end":{"line":17,"column":72}},"type":"binary-expr","locations":[{"start":{"line":17,"column":8},"end":{"line":17,"column":41}},{"start":{"line":17,"column":45},"end":{"line":17,"column":72}}],"line":17},"4":{"loc":{"start":{"line":21,"column":4},"end":{"line":23,"column":5}},"type":"if","locations":[{"start":{"line":21,"column":4},"end":{"line":23,"column":5}},{"start":{},"end":{}}],"line":21},"5":{"loc":{"start":{"line":21,"column":8},"end":{"line":21,"column":59}},"type":"binary-expr","locations":[{"start":{"line":21,"column":8},"end":{"line":21,"column":39}},{"start":{"line":21,"column":43},"end":{"line":21,"column":59}}],"line":21},"6":{"loc":{"start":{"line":36,"column":4},"end":{"line":38,"column":5}},"type":"if","locations":[{"start":{"line":36,"column":4},"end":{"line":38,"column":5}},{"start":{},"end":{}}],"line":36},"7":{"loc":{"start":{"line":40,"column":4},"end":{"line":42,"column":5}},"type":"if","locations":[{"start":{"line":40,"column":4},"end":{"line":42,"column":5}},{"start":{},"end":{}}],"line":40},"8":{"loc":{"start":{"line":40,"column":8},"end":{"line":40,"column":58}},"type":"binary-expr","locations":[{"start":{"line":40,"column":8},"end":{"line":40,"column":34}},{"start":{"line":40,"column":38},"end":{"line":40,"column":58}}],"line":40},"9":{"loc":{"start":{"line":44,"column":11},"end":{"line":44,"column":62}},"type":"binary-expr","locations":[{"start":{"line":44,"column":11},"end":{"line":44,"column":54}},{"start":{"line":44,"column":58},"end":{"line":44,"column":62}}],"line":44}},"s":{"0":8,"1":3,"2":5,"3":2,"4":3,"5":2,"6":1,"7":7,"8":2,"9":5,"10":3,"11":2,"12":4,"13":1},"f":{"0":8,"1":7,"2":4},"b":{"0":[3,5],"1":[8,7,6],"2":[2,3],"3":[5,4],"4":[2,1],"5":[3,2],"6":[2,5],"7":[3,2],"8":[5,4],"9":[2,1]},"_coverageSchema":"1a1c01bbd47fc00a2c39e90264f33305004495a9","hash":"3a4533e8d834232549405b652af122db83a31ac7"}
,"C:\\Users\\Usuario\\Desktop\\TIMBATUMBAOINFRA\\App\\frontend\\src\\clases.js": {"path":"C:\\Users\\Usuario\\Desktop\\TIMBATUMBAOINFRA\\App\\frontend\\src\\clases.js","statementMap":{"0":{"start":{"line":11,"column":4},"end":{"line":18,"column":5}},"1":{"start":{"line":17,"column":8},"end":{"line":17,"column":59}},"2":{"start":{"line":20,"column":4},"end":{"line":24,"column":6}},"3":{"start":{"line":35,"column":4},"end":{"line":43,"column":5}},"4":{"start":{"line":42,"column":8},"end":{"line":42,"column":52}},"5":{"start":{"line":45,"column":4},"end":{"line":48,"column":6}},"6":{"start":{"line":51,"column":0},"end":{"line":54,"column":2}}},"fnMap":{"0":{"name":"crearClase","decl":{"start":{"line":10,"column":9},"end":{"line":10,"column":19}},"loc":{"start":{"line":10,"column":35},"end":{"line":25,"column":1}},"line":10},"1":{"name":"inscribirAlumnoEnClase","decl":{"start":{"line":34,"column":9},"end":{"line":34,"column":31}},"loc":{"start":{"line":34,"column":47},"end":{"line":49,"column":1}},"line":34}},"branchMap":{"0":{"loc":{"start":{"line":11,"column":4},"end":{"line":18,"column":5}},"type":"if","locations":[{"start":{"line":11,"column":4},"end":{"line":18,"column":5}},{"start":{},"end":{}}],"line":11},"1":{"loc":{"start":{"line":12,"column":8},"end":{"line":15,"column":27}},"type":"binary-expr","locations":[{"start":{"line":12,"column":8},"end":{"line":12,"column":34}},{"start":{"line":13,"column":8},"end":{"line":13,"column":28}},{"start":{"line":14,"column":8},"end":{"line":14,"column":33}},{"start":{"line":15,"column":8},"end":{"line":15,"column":27}}],"line":12},"2":{"loc":{"start":{"line":35,"column":4},"end":{"line":43,"column":5}},"type":"if","locations":[{"start":{"line":35,"column":4},"end":{"line":43,"column":5}},{"start":{},"end":{}}],"line":35},"3":{"loc":{"start":{"line":36,"column":8},"end":{"line":40,"column":28}},"type":"binary-expr","locations":[{"start":{"line":36,"column":8},"end":{"line":36,"column":14}},{"start":{"line":37,"column":8},"end":{"line":37,"column":33}},{"start":{"line":38,"column":8},"end":{"line":38,"column":46}},{"start":{"line":39,"column":8},"end":{"line":39,"column":34}},{"start":{"line":40,"column":8},"end":{"line":40,"column":28}}],"line":36}},"s":{"0":5,"1":2,"2":3,"3":3,"4":2,"5":1,"6":1},"f":{"0":5,"1":3},"b":{"0":[2,3],"1":[5,5,4,4],"2":[2,1],"3":[3,2,2,2,2]},"_coverageSchema":"1a1c01bbd47fc00a2c39e90264f33305004495a9","hash":"bf65c7d4f10e14bfc780d2eefa02ed9097e445ce"}
,"C:\\Users\\Usuario\\Desktop\\TIMBATUMBAOINFRA\\App\\frontend\\src\\solicitudes.js": {"path":"C:\\Users\\Usuario\\Desktop\\TIMBATUMBAOINFRA\\App\\frontend\\src\\solicitudes.js","statementMap":{"0":{"start":{"line":12,"column":4},"end":{"line":14,"column":5}},"1":{"start":{"line":13,"column":8},"end":{"line":13,"column":50}},"2":{"start":{"line":16,"column":4},"end":{"line":18,"column":5}},"3":{"start":{"line":17,"column":8},"end":{"line":17,"column":54}},"4":{"start":{"line":20,"column":4},"end":{"line":22,"column":5}},"5":{"start":{"line":21,"column":8},"end":{"line":21,"column":69}},"6":{"start":{"line":24,"column":4},"end":{"line":30,"column":6}},"7":{"start":{"line":40,"column":4},"end":{"line":47,"column":5}},"8":{"start":{"line":42,"column":12},"end":{"line":42,"column":42}},"9":{"start":{"line":44,"column":12},"end":{"line":44,"column":39}},"10":{"start":{"line":46,"column":12},"end":{"line":46,"column":26}},"11":{"start":{"line":58,"column":4},"end":{"line":60,"column":5}},"12":{"start":{"line":59,"column":8},"end":{"line":59,"column":64}},"13":{"start":{"line":62,"column":4},"end":{"line":64,"column":5}},"14":{"start":{"line":63,"column":8},"end":{"line":63,"column":50}},"15":{"start":{"line":66,"column":4},"end":{"line":66,"column":67}},"16":{"start":{"line":66,"column":40},"end":{"line":66,"column":65}},"17":{"start":{"line":69,"column":0},"end":{"line":73,"column":2}}},"fnMap":{"0":{"name":"crearSolicitud","decl":{"start":{"line":11,"column":9},"end":{"line":11,"column":23}},"loc":{"start":{"line":11,"column":59},"end":{"line":31,"column":1}},"line":11},"1":{"name":"formatearTipo","decl":{"start":{"line":39,"column":9},"end":{"line":39,"column":22}},"loc":{"start":{"line":39,"column":38},"end":{"line":48,"column":1}},"line":39},"2":{"name":"filtrarSolicitudesPorUsuario","decl":{"start":{"line":57,"column":9},"end":{"line":57,"column":37}},"loc":{"start":{"line":57,"column":67},"end":{"line":67,"column":1}},"line":57},"3":{"name":"(anonymous_3)","decl":{"start":{"line":66,"column":35},"end":{"line":66,"column":36}},"loc":{"start":{"line":66,"column":40},"end":{"line":66,"column":65}},"line":66}},"branchMap":{"0":{"loc":{"start":{"line":12,"column":4},"end":{"line":14,"column":5}},"type":"if","locations":[{"start":{"line":12,"column":4},"end":{"line":14,"column":5}},{"start":{},"end":{}}],"line":12},"1":{"loc":{"start":{"line":12,"column":8},"end":{"line":12,"column":55}},"type":"binary-expr","locations":[{"start":{"line":12,"column":8},"end":{"line":12,"column":37}},{"start":{"line":12,"column":41},"end":{"line":12,"column":55}}],"line":12},"2":{"loc":{"start":{"line":16,"column":4},"end":{"line":18,"column":5}},"type":"if","locations":[{"start":{"line":16,"column":4},"end":{"line":18,"column":5}},{"start":{},"end":{}}],"line":16},"3":{"loc":{"start":{"line":16,"column":8},"end":{"line":16,"column":72}},"type":"binary-expr","locations":[{"start":{"line":16,"column":8},"end":{"line":16,"column":41}},{"start":{"line":16,"column":45},"end":{"line":16,"column":72}}],"line":16},"4":{"loc":{"start":{"line":20,"column":4},"end":{"line":22,"column":5}},"type":"if","locations":[{"start":{"line":20,"column":4},"end":{"line":22,"column":5}},{"start":{},"end":{}}],"line":20},"5":{"loc":{"start":{"line":20,"column":8},"end":{"line":20,"column":60}},"type":"binary-expr","locations":[{"start":{"line":20,"column":8},"end":{"line":20,"column":35}},{"start":{"line":20,"column":39},"end":{"line":20,"column":60}}],"line":20},"6":{"loc":{"start":{"line":40,"column":4},"end":{"line":47,"column":5}},"type":"switch","locations":[{"start":{"line":41,"column":8},"end":{"line":42,"column":42}},{"start":{"line":43,"column":8},"end":{"line":44,"column":39}},{"start":{"line":45,"column":8},"end":{"line":46,"column":26}}],"line":40},"7":{"loc":{"start":{"line":58,"column":4},"end":{"line":60,"column":5}},"type":"if","locations":[{"start":{"line":58,"column":4},"end":{"line":60,"column":5}},{"start":{},"end":{}}],"line":58},"8":{"loc":{"start":{"line":62,"column":4},"end":{"line":64,"column":5}},"type":"if","locations":[{"start":{"line":62,"column":4},"end":{"line":64,"column":5}},{"start":{},"end":{}}],"line":62},"9":{"loc":{"start":{"line":62,"column":8},"end":{"line":62,"column":55}},"type":"binary-expr","locations":[{"start":{"line":62,"column":8},"end":{"line":62,"column":37}},{"start":{"line":62,"column":41},"end":{"line":62,"column":55}}],"line":62}},"s":{"0":4,"1":1,"2":3,"3":1,"4":2,"5":1,"6":1,"7":3,"8":1,"9":1,"10":1,"11":3,"12":1,"13":2,"14":1,"15":1,"16":3,"17":1},"f":{"0":4,"1":3,"2":3,"3":3},"b":{"0":[1,3],"1":[4,4],"2":[1,2],"3":[3,3],"4":[1,1],"5":[2,2],"6":[1,1,1],"7":[1,2],"8":[1,1],"9":[2,2]},"_coverageSchema":"1a1c01bbd47fc00a2c39e90264f33305004495a9","hash":"bba918550be742129eab1114a5e5a46c33bd054a"}
}
