TN:
SF:src\alumno.js
FN:12,registrarAlumno
FN:35,buscarAlumno
FN:44,(anonymous_2)
FNF:3
FNH:3
FNDA:8,registrarAlumno
FNDA:7,buscarAlumno
FNDA:4,(anonymous_2)
DA:13,8
DA:14,3
DA:17,5
DA:18,2
DA:21,3
DA:22,2
DA:25,1
DA:36,7
DA:37,2
DA:40,5
DA:41,3
DA:44,4
DA:47,1
LF:13
LH:13
BRDA:13,0,0,3
BRDA:13,0,1,5
BRDA:13,1,0,8
BRDA:13,1,1,7
BRDA:13,1,2,6
BRDA:17,2,0,2
BRDA:17,2,1,3
BRDA:17,3,0,5
BRDA:17,3,1,4
BRDA:21,4,0,2
BRDA:21,4,1,1
BRDA:21,5,0,3
BRDA:21,5,1,2
BRDA:36,6,0,2
BRDA:36,6,1,5
BRDA:40,7,0,3
BRDA:40,7,1,2
BRDA:40,8,0,5
BRDA:40,8,1,4
BRDA:44,9,0,2
BRDA:44,9,1,1
BRF:21
BRH:21
end_of_record
TN:
SF:src\clases.js
FN:10,crearClase
FN:34,inscribirAlumnoEnClase
FNF:2
FNH:2
FNDA:5,crearClase
FNDA:3,inscribirAlumnoEnClase
DA:11,5
DA:17,2
DA:20,3
DA:35,3
DA:42,2
DA:45,1
DA:51,1
LF:7
LH:7
BRDA:11,0,0,2
BRDA:11,0,1,3
BRDA:12,1,0,5
BRDA:12,1,1,5
BRDA:12,1,2,4
BRDA:12,1,3,4
BRDA:35,2,0,2
BRDA:35,2,1,1
BRDA:36,3,0,3
BRDA:36,3,1,2
BRDA:36,3,2,2
BRDA:36,3,3,2
BRDA:36,3,4,2
BRF:13
BRH:13
end_of_record
TN:
SF:src\solicitudes.js
FN:11,crearSolicitud
FN:39,formatearTipo
FN:57,filtrarSolicitudesPorUsuario
FN:66,(anonymous_3)
FNF:4
FNH:4
FNDA:4,crearSolicitud
FNDA:3,formatearTipo
FNDA:3,filtrarSolicitudesPorUsuario
FNDA:3,(anonymous_3)
DA:12,4
DA:13,1
DA:16,3
DA:17,1
DA:20,2
DA:21,1
DA:24,1
DA:40,3
DA:42,1
DA:44,1
DA:46,1
DA:58,3
DA:59,1
DA:62,2
DA:63,1
DA:66,3
DA:69,1
LF:17
LH:17
BRDA:12,0,0,1
BRDA:12,0,1,3
BRDA:12,1,0,4
BRDA:12,1,1,4
BRDA:16,2,0,1
BRDA:16,2,1,2
BRDA:16,3,0,3
BRDA:16,3,1,3
BRDA:20,4,0,1
BRDA:20,4,1,1
BRDA:20,5,0,2
BRDA:20,5,1,2
BRDA:40,6,0,1
BRDA:40,6,1,1
BRDA:40,6,2,1
BRDA:58,7,0,1
BRDA:58,7,1,2
BRDA:62,8,0,1
BRDA:62,8,1,1
BRDA:62,9,0,2
BRDA:62,9,1,2
BRF:21
BRH:21
end_of_record
